2023-11-02 12:10:05,276 [INFO] NvicIntPanel:101 - NVIC parent = com.st.microxplorer.plugins.ip.nvic.MultiNvicIntPanel[,0,0,484x289,layout=javax.swing.BoxLayout,alignmentX=0.0,alignmentY=0.0,border=,flags=9,maximumSize=,minimumSize=,preferredSize=]
2023-11-02 12:15:49,713 [INFO] NvicIntPanel:101 - NVIC parent = com.st.microxplorer.plugins.ip.nvic.MultiNvicIntPanel[,0,0,484x153,layout=javax.swing.BoxLayout,alignmentX=0.0,alignmentY=0.0,border=,flags=9,maximumSize=,minimumSize=,preferredSize=]
2023-11-02 12:15:50,661 [INFO] NvicIntPanel:101 - NVIC parent = com.st.microxplorer.plugins.ip.nvic.MultiNvicIntPanel[,0,0,0x0,invalid,layout=javax.swing.BoxLayout,alignmentX=0.0,alignmentY=0.0,border=,flags=9,maximumSize=,minimumSize=,preferredSize=]
2023-11-02 12:15:54,737 [INFO] NvicIntPanel:101 - NVIC parent = com.st.microxplorer.plugins.ip.nvic.MultiNvicIntPanel[,0,0,484x153,layout=javax.swing.BoxLayout,alignmentX=0.0,alignmentY=0.0,border=,flags=9,maximumSize=,minimumSize=,preferredSize=]
2023-11-02 12:16:04,207 [INFO] UtilMem:75 - End SaveConfig() Used Memory: 721766696 Bytes (1073741824)
2023-11-02 12:16:04,862 [INFO] UtilMem:75 - End SaveConfig() Used Memory: 752726576 Bytes (1073741824)
2023-11-02 12:16:07,967 [INFO] UtilMem:75 - End SaveConfig() Used Memory: 882750000 Bytes (1073741824)
2023-11-02 12:16:08,230 [INFO] BlockDiagram:2759 - set Specific Code input for plugin: USB_OTG_HS
2023-11-02 12:16:08,230 [INFO] BlockDiagram:2759 - set Specific Code input for plugin: RCC
2023-11-02 12:16:08,230 [INFO] BlockDiagram:2759 - set Specific Code input for plugin: USART
2023-11-02 12:16:08,230 [INFO] BlockDiagram:2759 - set Specific Code input for plugin: TIM1_8H7
2023-11-02 12:16:08,230 [INFO] BlockDiagram:2759 - set Specific Code input for plugin: TIM1_8H7
2023-11-02 12:16:08,230 [INFO] BlockDiagram:2759 - set Specific Code input for plugin: TIM1_8H7
2023-11-02 12:16:08,230 [INFO] BlockDiagram:2759 - set Specific Code input for plugin: SYS
2023-11-02 12:16:08,230 [INFO] BlockDiagram:2759 - set Specific Code input for plugin: NVIC
2023-11-02 12:16:08,231 [INFO] BlockDiagram:2759 - set Specific Code input for plugin: GPIO
2023-11-02 12:16:08,232 [INFO] CodeGenerator:793 - code generatio: config db path: C:\ST\STM32CubeIDE_1.12.1\STM32CubeIDE\plugins\com.st.stm32cube.common.mx_6.8.1.202304191431\\db\
2023-11-02 12:16:08,487 [INFO] CodeEngine:255 - oldGeneratedFile, C:\Users\Leo\STM32CubeIDE\new_workspace\PlungeCooler\MXTmpFiles\license.tmp_save
2023-11-02 12:16:08,563 [INFO] CodeEngine:279 - Generated code: C:\Users\Leo\STM32CubeIDE\new_workspace\PlungeCooler\MXTmpFiles\license.tmp
2023-11-02 12:16:08,618 [INFO] CodeEngine:255 - oldGeneratedFile, C:\Users\Leo\STM32CubeIDE\new_workspace\PlungeCooler\MXTmpFiles\gpio.tmp_save
2023-11-02 12:16:08,719 [INFO] CodeEngine:279 - Generated code: C:\Users\Leo\STM32CubeIDE\new_workspace\PlungeCooler\MXTmpFiles\gpio.tmp
2023-11-02 12:16:09,129 [WARN] IPConfigManager:99 - WARNING: Missing Config File for USB ip!!
2023-11-02 12:16:09,207 [INFO] CodeEngine:255 - oldGeneratedFile, C:\Users\Leo\STM32CubeIDE\new_workspace\PlungeCooler\MXTmpFiles\cortex.tmp_save
2023-11-02 12:16:09,321 [INFO] CodeEngine:279 - Generated code: C:\Users\Leo\STM32CubeIDE\new_workspace\PlungeCooler\MXTmpFiles\cortex.tmp
2023-11-02 12:16:09,354 [INFO] CodeEngine:255 - oldGeneratedFile, C:\Users\Leo\STM32CubeIDE\new_workspace\PlungeCooler\Core\Src\stm32h7xx_it.c_save
2023-11-02 12:16:09,514 [INFO] CodeEngine:279 - Generated code: C:\Users\Leo\STM32CubeIDE\new_workspace\PlungeCooler\Core\Src\stm32h7xx_it.c
2023-11-02 12:16:09,533 [INFO] CodeEngine:255 - oldGeneratedFile, C:\Users\Leo\STM32CubeIDE\new_workspace\PlungeCooler\Core\Inc\stm32h7xx_it.h_save
2023-11-02 12:16:09,601 [INFO] CodeEngine:279 - Generated code: C:\Users\Leo\STM32CubeIDE\new_workspace\PlungeCooler\Core\Inc\stm32h7xx_it.h
2023-11-02 12:16:09,714 [INFO] CodeEngine:255 - oldGeneratedFile, C:\Users\Leo\STM32CubeIDE\new_workspace\PlungeCooler\Core\Src\stm32h7xx_hal_msp.c_save
2023-11-02 12:16:09,846 [INFO] CodeEngine:279 - Generated code: C:\Users\Leo\STM32CubeIDE\new_workspace\PlungeCooler\Core\Src\stm32h7xx_hal_msp.c
2023-11-02 12:16:09,859 [INFO] CodeEngine:255 - oldGeneratedFile, C:\Users\Leo\STM32CubeIDE\new_workspace\PlungeCooler\MXTmpFiles\system.tmp_save
2023-11-02 12:16:09,912 [INFO] CodeEngine:279 - Generated code: C:\Users\Leo\STM32CubeIDE\new_workspace\PlungeCooler\MXTmpFiles\system.tmp
2023-11-02 12:16:09,930 [INFO] CodeEngine:311 - oldGeneratedFile, C:\Users\Leo\STM32CubeIDE\new_workspace\PlungeCooler\Core\Inc\stm32h7xx_hal_conf.h_save
2023-11-02 12:16:10,002 [INFO] CodeEngine:335 - Generated code: C:\Users\Leo\STM32CubeIDE\new_workspace\PlungeCooler\Core\Inc\stm32h7xx_hal_conf.h
2023-11-02 12:16:10,032 [WARN] IPConfigManager:3431 - IP not found : TIM
2023-11-02 12:16:10,032 [WARN] IPConfigManager:3431 - IP not found : USB_OTG
2023-11-02 12:16:10,033 [WARN] CodeGenerator:3754 - IP not found : null
2023-11-02 12:16:10,033 [WARN] CodeGenerator:3754 - IP not found : null
2023-11-02 12:16:10,050 [INFO] CodeEngine:255 - oldGeneratedFile, C:\Users\Leo\STM32CubeIDE\new_workspace\PlungeCooler\Core\Inc\main.h_save
2023-11-02 12:16:10,132 [INFO] CodeEngine:279 - Generated code: C:\Users\Leo\STM32CubeIDE\new_workspace\PlungeCooler\Core\Inc\main.h
2023-11-02 12:16:10,149 [INFO] CodeEngine:255 - oldGeneratedFile, C:\Users\Leo\STM32CubeIDE\new_workspace\PlungeCooler\Core\Src\main.c_save
2023-11-02 12:16:10,261 [INFO] CodeEngine:279 - Generated code: C:\Users\Leo\STM32CubeIDE\new_workspace\PlungeCooler\Core\Src\main.c
2023-11-02 12:16:10,846 [INFO] ProjectBuilder:2996 - Time for Copy HAL[1] : 235mS.
2023-11-02 12:16:10,849 [INFO] ProjectBuilder:4304 - Project Generator version: 3.19.2
2023-11-02 12:16:11,140 [INFO] ConfigFileManager:1483 - The Die is : DIE480
2023-11-02 12:16:12,765 [INFO] ProjectBuilder:4505 - Time for Generating toolchain IDE Files: 1916mS.
2023-11-02 12:16:12,766 [INFO] ProjectBuilder:2867 - Time for Copy CMSIS : 1mS.
2023-11-02 12:16:12,769 [INFO] ProjectBuilder:2867 - Time for Copy CMSIS : 0mS.
