2023-10-30 11:22:16,383 [INFO] Gpio:273 - dependency for GPIO [RCC, TIM2, USART3, USB_OTG_HS]
2023-10-30 11:22:30,174 [INFO] UtilMem:75 - End SaveConfig() Used Memory: 666025744 Bytes (1073741824)
2023-10-30 11:22:34,844 [INFO] UtilMem:75 - End SaveConfig() Used Memory: 816979752 Bytes (1073741824)
2023-10-30 11:22:35,022 [INFO] UtilMem:75 - End SaveConfig() Used Memory: 864124624 Bytes (1073741824)
2023-10-30 11:22:35,360 [INFO] BlockDiagram:2759 - set Specific Code input for plugin: USB_OTG_HS
2023-10-30 11:22:35,360 [INFO] BlockDiagram:2759 - set Specific Code input for plugin: RCC
2023-10-30 11:22:35,360 [INFO] BlockDiagram:2759 - set Specific Code input for plugin: USART
2023-10-30 11:22:35,360 [INFO] BlockDiagram:2759 - set Specific Code input for plugin: TIM1_8H7
2023-10-30 11:22:35,360 [INFO] BlockDiagram:2759 - set Specific Code input for plugin: TIM1_8H7
2023-10-30 11:22:35,360 [INFO] BlockDiagram:2759 - set Specific Code input for plugin: SYS
2023-10-30 11:22:35,360 [INFO] BlockDiagram:2759 - set Specific Code input for plugin: NVIC
2023-10-30 11:22:35,361 [INFO] BlockDiagram:2759 - set Specific Code input for plugin: GPIO
2023-10-30 11:22:35,362 [INFO] CodeGenerator:793 - code generatio: config db path: C:\ST\STM32CubeIDE_1.12.1\STM32CubeIDE\plugins\com.st.stm32cube.common.mx_6.8.1.202304191431\\db\
2023-10-30 11:22:35,627 [INFO] CodeEngine:255 - oldGeneratedFile, C:\Users\Leo\STM32CubeIDE\new_workspace\PlungeCooler\MXTmpFiles\license.tmp_save
2023-10-30 11:22:35,717 [INFO] CodeEngine:279 - Generated code: C:\Users\Leo\STM32CubeIDE\new_workspace\PlungeCooler\MXTmpFiles\license.tmp
2023-10-30 11:22:35,782 [INFO] CodeEngine:255 - oldGeneratedFile, C:\Users\Leo\STM32CubeIDE\new_workspace\PlungeCooler\MXTmpFiles\gpio.tmp_save
2023-10-30 11:22:35,870 [INFO] CodeEngine:279 - Generated code: C:\Users\Leo\STM32CubeIDE\new_workspace\PlungeCooler\MXTmpFiles\gpio.tmp
2023-10-30 11:22:36,263 [WARN] IPConfigManager:99 - WARNING: Missing Config File for USB ip!!
2023-10-30 11:22:36,364 [INFO] CodeEngine:255 - oldGeneratedFile, C:\Users\Leo\STM32CubeIDE\new_workspace\PlungeCooler\MXTmpFiles\cortex.tmp_save
2023-10-30 11:22:36,441 [INFO] CodeEngine:279 - Generated code: C:\Users\Leo\STM32CubeIDE\new_workspace\PlungeCooler\MXTmpFiles\cortex.tmp
2023-10-30 11:22:36,481 [INFO] CodeEngine:255 - oldGeneratedFile, C:\Users\Leo\STM32CubeIDE\new_workspace\PlungeCooler\Core\Src\stm32h7xx_it.c_save
2023-10-30 11:22:36,650 [INFO] CodeEngine:279 - Generated code: C:\Users\Leo\STM32CubeIDE\new_workspace\PlungeCooler\Core\Src\stm32h7xx_it.c
2023-10-30 11:22:36,706 [INFO] CodeEngine:255 - oldGeneratedFile, C:\Users\Leo\STM32CubeIDE\new_workspace\PlungeCooler\Core\Inc\stm32h7xx_it.h_save
2023-10-30 11:22:36,787 [INFO] CodeEngine:279 - Generated code: C:\Users\Leo\STM32CubeIDE\new_workspace\PlungeCooler\Core\Inc\stm32h7xx_it.h
2023-10-30 11:22:36,928 [INFO] CodeEngine:255 - oldGeneratedFile, C:\Users\Leo\STM32CubeIDE\new_workspace\PlungeCooler\Core\Src\stm32h7xx_hal_msp.c_save
2023-10-30 11:22:37,033 [INFO] CodeEngine:279 - Generated code: C:\Users\Leo\STM32CubeIDE\new_workspace\PlungeCooler\Core\Src\stm32h7xx_hal_msp.c
2023-10-30 11:22:37,045 [INFO] CodeEngine:255 - oldGeneratedFile, C:\Users\Leo\STM32CubeIDE\new_workspace\PlungeCooler\MXTmpFiles\system.tmp_save
2023-10-30 11:22:37,104 [INFO] CodeEngine:279 - Generated code: C:\Users\Leo\STM32CubeIDE\new_workspace\PlungeCooler\MXTmpFiles\system.tmp
2023-10-30 11:22:37,127 [INFO] CodeEngine:311 - oldGeneratedFile, C:\Users\Leo\STM32CubeIDE\new_workspace\PlungeCooler\Core\Inc\stm32h7xx_hal_conf.h_save
2023-10-30 11:22:37,205 [INFO] CodeEngine:335 - Generated code: C:\Users\Leo\STM32CubeIDE\new_workspace\PlungeCooler\Core\Inc\stm32h7xx_hal_conf.h
2023-10-30 11:22:37,238 [WARN] IPConfigManager:3431 - IP not found : TIM
2023-10-30 11:22:37,238 [WARN] IPConfigManager:3431 - IP not found : USB_OTG
2023-10-30 11:22:37,239 [WARN] CodeGenerator:3754 - IP not found : null
2023-10-30 11:22:37,239 [WARN] CodeGenerator:3754 - IP not found : null
2023-10-30 11:22:37,265 [INFO] CodeEngine:255 - oldGeneratedFile, C:\Users\Leo\STM32CubeIDE\new_workspace\PlungeCooler\Core\Inc\main.h_save
2023-10-30 11:22:37,352 [INFO] CodeEngine:279 - Generated code: C:\Users\Leo\STM32CubeIDE\new_workspace\PlungeCooler\Core\Inc\main.h
2023-10-30 11:22:37,369 [INFO] CodeEngine:255 - oldGeneratedFile, C:\Users\Leo\STM32CubeIDE\new_workspace\PlungeCooler\Core\Src\main.c_save
2023-10-30 11:22:37,481 [INFO] CodeEngine:279 - Generated code: C:\Users\Leo\STM32CubeIDE\new_workspace\PlungeCooler\Core\Src\main.c
2023-10-30 11:22:38,040 [INFO] ProjectBuilder:2996 - Time for Copy HAL[1] : 197mS.
2023-10-30 11:22:38,043 [INFO] ProjectBuilder:4304 - Project Generator version: 3.19.2
2023-10-30 11:22:38,274 [INFO] ConfigFileManager:1483 - The Die is : DIE480
2023-10-30 11:22:39,765 [INFO] ProjectBuilder:4505 - Time for Generating toolchain IDE Files: 1722mS.
2023-10-30 11:22:39,766 [INFO] ProjectBuilder:2867 - Time for Copy CMSIS : 0mS.
2023-10-30 11:22:39,768 [INFO] ProjectBuilder:2867 - Time for Copy CMSIS : 0mS.
2023-10-30 18:09:25,119 [INFO] Gpio:273 - dependency for GPIO [RCC, TIM2, USART3, USB_OTG_HS]
2023-10-30 18:10:11,958 [INFO] UtilMem:75 - End SaveConfig() Used Memory: 825006072 Bytes (1073741824)
2023-10-30 18:10:12,791 [INFO] UtilMem:75 - End SaveConfig() Used Memory: 861246320 Bytes (1073741824)
2023-10-30 18:10:12,900 [INFO] UtilMem:75 - End SaveConfig() Used Memory: 896801336 Bytes (1073741824)
2023-10-30 18:10:13,149 [INFO] BlockDiagram:2759 - set Specific Code input for plugin: USB_OTG_HS
2023-10-30 18:10:13,149 [INFO] BlockDiagram:2759 - set Specific Code input for plugin: RCC
2023-10-30 18:10:13,149 [INFO] BlockDiagram:2759 - set Specific Code input for plugin: USART
2023-10-30 18:10:13,150 [INFO] BlockDiagram:2759 - set Specific Code input for plugin: TIM1_8H7
2023-10-30 18:10:13,150 [INFO] BlockDiagram:2759 - set Specific Code input for plugin: TIM1_8H7
2023-10-30 18:10:13,150 [INFO] BlockDiagram:2759 - set Specific Code input for plugin: SYS
2023-10-30 18:10:13,150 [INFO] BlockDiagram:2759 - set Specific Code input for plugin: NVIC
2023-10-30 18:10:13,150 [INFO] BlockDiagram:2759 - set Specific Code input for plugin: GPIO
2023-10-30 18:10:13,151 [INFO] CodeGenerator:793 - code generatio: config db path: C:\ST\STM32CubeIDE_1.12.1\STM32CubeIDE\plugins\com.st.stm32cube.common.mx_6.8.1.202304191431\\db\
2023-10-30 18:10:13,364 [INFO] CodeEngine:255 - oldGeneratedFile, C:\Users\Leo\STM32CubeIDE\new_workspace\PlungeCooler\MXTmpFiles\license.tmp_save
2023-10-30 18:10:13,433 [INFO] CodeEngine:279 - Generated code: C:\Users\Leo\STM32CubeIDE\new_workspace\PlungeCooler\MXTmpFiles\license.tmp
2023-10-30 18:10:13,486 [INFO] CodeEngine:255 - oldGeneratedFile, C:\Users\Leo\STM32CubeIDE\new_workspace\PlungeCooler\MXTmpFiles\gpio.tmp_save
2023-10-30 18:10:13,549 [INFO] CodeEngine:279 - Generated code: C:\Users\Leo\STM32CubeIDE\new_workspace\PlungeCooler\MXTmpFiles\gpio.tmp
2023-10-30 18:10:13,840 [WARN] IPConfigManager:99 - WARNING: Missing Config File for USB ip!!
2023-10-30 18:10:13,907 [INFO] CodeEngine:255 - oldGeneratedFile, C:\Users\Leo\STM32CubeIDE\new_workspace\PlungeCooler\MXTmpFiles\cortex.tmp_save
2023-10-30 18:10:13,979 [INFO] CodeEngine:279 - Generated code: C:\Users\Leo\STM32CubeIDE\new_workspace\PlungeCooler\MXTmpFiles\cortex.tmp
2023-10-30 18:10:14,009 [INFO] CodeEngine:255 - oldGeneratedFile, C:\Users\Leo\STM32CubeIDE\new_workspace\PlungeCooler\Core\Src\stm32h7xx_it.c_save
2023-10-30 18:10:14,179 [INFO] CodeEngine:279 - Generated code: C:\Users\Leo\STM32CubeIDE\new_workspace\PlungeCooler\Core\Src\stm32h7xx_it.c
2023-10-30 18:10:14,189 [INFO] CodeEngine:255 - oldGeneratedFile, C:\Users\Leo\STM32CubeIDE\new_workspace\PlungeCooler\Core\Inc\stm32h7xx_it.h_save
2023-10-30 18:10:14,248 [INFO] CodeEngine:279 - Generated code: C:\Users\Leo\STM32CubeIDE\new_workspace\PlungeCooler\Core\Inc\stm32h7xx_it.h
2023-10-30 18:10:14,355 [INFO] CodeEngine:255 - oldGeneratedFile, C:\Users\Leo\STM32CubeIDE\new_workspace\PlungeCooler\Core\Src\stm32h7xx_hal_msp.c_save
2023-10-30 18:10:14,430 [INFO] CodeEngine:279 - Generated code: C:\Users\Leo\STM32CubeIDE\new_workspace\PlungeCooler\Core\Src\stm32h7xx_hal_msp.c
2023-10-30 18:10:14,437 [INFO] CodeEngine:255 - oldGeneratedFile, C:\Users\Leo\STM32CubeIDE\new_workspace\PlungeCooler\MXTmpFiles\system.tmp_save
2023-10-30 18:10:14,489 [INFO] CodeEngine:279 - Generated code: C:\Users\Leo\STM32CubeIDE\new_workspace\PlungeCooler\MXTmpFiles\system.tmp
2023-10-30 18:10:14,505 [INFO] CodeEngine:311 - oldGeneratedFile, C:\Users\Leo\STM32CubeIDE\new_workspace\PlungeCooler\Core\Inc\stm32h7xx_hal_conf.h_save
2023-10-30 18:10:14,572 [INFO] CodeEngine:335 - Generated code: C:\Users\Leo\STM32CubeIDE\new_workspace\PlungeCooler\Core\Inc\stm32h7xx_hal_conf.h
2023-10-30 18:10:14,599 [WARN] IPConfigManager:3431 - IP not found : TIM
2023-10-30 18:10:14,599 [WARN] IPConfigManager:3431 - IP not found : USB_OTG
2023-10-30 18:10:14,600 [WARN] CodeGenerator:3754 - IP not found : null
2023-10-30 18:10:14,600 [WARN] CodeGenerator:3754 - IP not found : null
2023-10-30 18:10:14,615 [INFO] CodeEngine:255 - oldGeneratedFile, C:\Users\Leo\STM32CubeIDE\new_workspace\PlungeCooler\Core\Inc\main.h_save
2023-10-30 18:10:14,686 [INFO] CodeEngine:279 - Generated code: C:\Users\Leo\STM32CubeIDE\new_workspace\PlungeCooler\Core\Inc\main.h
2023-10-30 18:10:14,699 [INFO] CodeEngine:255 - oldGeneratedFile, C:\Users\Leo\STM32CubeIDE\new_workspace\PlungeCooler\Core\Src\main.c_save
2023-10-30 18:10:14,793 [INFO] CodeEngine:279 - Generated code: C:\Users\Leo\STM32CubeIDE\new_workspace\PlungeCooler\Core\Src\main.c
2023-10-30 18:10:15,270 [INFO] ProjectBuilder:2996 - Time for Copy HAL[1] : 137mS.
2023-10-30 18:10:15,273 [INFO] ProjectBuilder:4304 - Project Generator version: 3.19.2
2023-10-30 18:10:15,500 [INFO] ConfigFileManager:1483 - The Die is : DIE480
2023-10-30 18:10:16,390 [INFO] ProjectBuilder:4505 - Time for Generating toolchain IDE Files: 1117mS.
2023-10-30 18:10:16,391 [INFO] ProjectBuilder:2867 - Time for Copy CMSIS : 1mS.
2023-10-30 18:10:16,402 [INFO] ProjectBuilder:2867 - Time for Copy CMSIS : 0mS.
